<?xml version="1.0" encoding="UTF-8"?>
<!-- Generated by org.testng.reporters.JUnitReportReporter -->
<testsuite hostname="DESKTOP-7HPDDDR" failures="0" tests="3" name="test.TestLogInRegisteredUser" time="166.764" errors="0" timestamp="2022-12-10T15:52:56 IST" skipped="0">
  <testcase classname="test.TestLogInRegisteredUser" name="logInWithRegCredGaurav" time="63.625"/>
  <system-out/>
  <testcase classname="test.TestLogInRegisteredUser" name="logInWithRegMadhu" time="39.285"/>
  <system-out/>
  <testcase classname="test.TestLogInRegisteredUser" name="logInWithRegDeepak" time="63.854"/>
  <system-out/>
</testsuite> <!-- test.TestLogInRegisteredUser -->
