<?xml version="1.0" encoding="UTF-8"?>
<!-- Generated by org.testng.reporters.JUnitReportReporter -->
<testsuite hostname="DESKTOP-7HPDDDR" failures="0" tests="1" name="test.TestLogInRegisteredUser" time="63.972" errors="0" timestamp="2022-12-06T15:13:02 IST" skipped="0">
  <testcase classname="test.TestLogInRegisteredUser" name="logInWithRegCreds" time="63.972"/>
  <system-out/>
</testsuite> <!-- test.TestLogInRegisteredUser -->
