<?xml version="1.0" encoding="UTF-8"?>
<!-- Generated by org.testng.reporters.JUnitReportReporter -->
<testsuite hostname="DESKTOP-7HPDDDR" failures="0" tests="5" name="test.TestRegistrationPage" time="119.468" errors="0" timestamp="2022-12-10T15:35:36 IST" skipped="2">
  <testcase classname="test.TestRegistrationPage" name="registerNewFemaleUser" time="42.399"/>
  <system-out/>
  <testcase classname="test.TestRegistrationPage" name="registerNewMaleUser" time="35.302"/>
  <system-out/>
  <testcase classname="test.TestRegistrationPage" name="registerNewUser" time="41.767"/>
  <system-out/>
  <testcase classname="test.TestRegistrationPage" name="verifyRegestrTab">
    <skipped/>
  </testcase> <!-- verifyRegestrTab -->
  <system-out/>
  <testcase classname="test.TestRegistrationPage" name="VerifyRegURL">
    <skipped/>
  </testcase> <!-- VerifyRegURL -->
  <system-out/>
</testsuite> <!-- test.TestRegistrationPage -->
