<?xml version="1.0" encoding="UTF-8"?>
<!-- Generated by org.testng.reporters.JUnitReportReporter -->
<testsuite hostname="DESKTOP-PJ5SC7P" failures="0" tests="5" name="test.TestRegistrationPage" time="45.211" errors="0" timestamp="2022-12-10T16:44:54 IST" skipped="2">
  <testcase classname="test.TestRegistrationPage" name="registerNewFemaleUser" time="18.249"/>
  <system-out/>
  <testcase classname="test.TestRegistrationPage" name="registerNewMaleUser" time="13.559"/>
  <system-out/>
  <testcase classname="test.TestRegistrationPage" name="registerNewUser" time="13.403"/>
  <system-out/>
  <testcase classname="test.TestRegistrationPage" name="verifyRegestrTab">
    <skipped/>
  </testcase> <!-- verifyRegestrTab -->
  <system-out/>
  <testcase classname="test.TestRegistrationPage" name="VerifyRegURL">
    <skipped/>
  </testcase> <!-- VerifyRegURL -->
  <system-out/>
</testsuite> <!-- test.TestRegistrationPage -->
