<?xml version="1.0" encoding="UTF-8"?>
<!-- Generated by org.testng.reporters.JUnitReportReporter -->
<testsuite hostname="DESKTOP-7HPDDDR" failures="0" tests="4" name="test.TestRegistrationPage" time="247.725" errors="0" timestamp="2022-12-06T14:25:18 IST" skipped="0">
  <testcase classname="test.TestRegistrationPage" name="VerifyRegURL" time="22.984"/>
  <system-out/>
  <testcase classname="test.TestRegistrationPage" name="verifyRegestrTab" time="74.215"/>
  <system-out/>
  <testcase classname="test.TestRegistrationPage" name="registerNewFemaleUser" time="94.632"/>
  <system-out/>
  <testcase classname="test.TestRegistrationPage" name="registerNewMaleUser" time="55.894"/>
  <system-out/>
</testsuite> <!-- test.TestRegistrationPage -->
