<?xml version="1.0" encoding="UTF-8"?>
<!-- Generated by org.testng.reporters.JUnitReportReporter -->
<testsuite hostname="DESKTOP-PJ5SC7P" failures="0" tests="1" name="test.TestComputerMenu" time="7.858" errors="0" timestamp="2022-12-03T12:37:15 IST" skipped="0">
  <testcase classname="test.TestComputerMenu" name="validateComputerMenu" time="7.858"/>
  <system-out/>
</testsuite> <!-- test.TestComputerMenu -->
