<?xml version="1.0" encoding="UTF-8"?>
<!-- Generated by org.testng.reporters.JUnitReportReporter -->
<testsuite hostname="DESKTOP-7HPDDDR" failures="0" tests="2" name="test.TestRegistrationPage" time="105.293" errors="0" timestamp="2022-12-03T16:21:16 IST" skipped="0">
  <testcase classname="test.TestRegistrationPage" name="VerifyRegURL" time="66.047"/>
  <system-out/>
  <testcase classname="test.TestRegistrationPage" name="verifyRegestrTab" time="39.246"/>
  <system-out/>
</testsuite> <!-- test.TestRegistrationPage -->
