<?xml version="1.0" encoding="UTF-8"?>
<!-- Generated by org.testng.reporters.JUnitReportReporter -->
<testsuite hostname="DESKTOP-PJ5SC7P" failures="0" tests="1" name="test.TestHomePage" time="8.512" errors="0" timestamp="2022-12-02T16:50:40 IST" skipped="0">
  <testcase classname="test.TestHomePage" name="currencySelect" time="8.512"/>
  <system-out/>
</testsuite> <!-- test.TestHomePage -->
